2022-06-04 14:46:18 INFO  (LoggingInitialization) Using log config file: jar:file:/usr/local/Caskroom/ghidra/10.1.4-20220519/ghidra_10.1.4_PUBLIC/Ghidra/Framework/Generic/lib/Generic.jar!/generic.log4j.xml  
2022-06-04 14:46:18 INFO  (LoggingInitialization) Using log file: example/analysis.log  
2022-06-04 14:46:18 INFO  (Preferences) Loading user preferences: /Users/akira/.ghidra/.ghidra_10.1.4_PUBLIC/preferences  
2022-06-04 14:46:18 INFO  (Preferences) Loading previous preferences: /Users/akira/.ghidra/.ghidra_10.1.3_PUBLIC/preferences  
2022-06-04 14:46:21 INFO  (ClassSearcher) Class search complete (2624 ms)  
2022-06-04 14:46:21 INFO  (SSLContextInitializer) Initializing SSL Context  
2022-06-04 14:46:21 INFO  (SecureRandomFactory) Initializing Random Number Generator...  
2022-06-04 14:46:21 INFO  (SecureRandomFactory) Random Number Generator initialization complete: NativePRNGNonBlocking  
2022-06-04 14:46:21 INFO  (ApplicationTrustManagerFactory) Trust manager disabled, cacerts have not been set  
2022-06-04 14:46:22 INFO  (HeadlessAnalyzer) HEADLESS Script Paths:
    /usr/local/Caskroom/ghidra/10.1.4-20220519/ghidra_10.1.4_PUBLIC/Ghidra/Features/Base/ghidra_scripts
    /usr/local/Caskroom/ghidra/10.1.4-20220519/ghidra_10.1.4_PUBLIC/Ghidra/Debug/Debugger/ghidra_scripts
    /usr/local/Caskroom/ghidra/10.1.4-20220519/ghidra_10.1.4_PUBLIC/Ghidra/Features/FileFormats/ghidra_scripts
    /usr/local/Caskroom/ghidra/10.1.4-20220519/ghidra_10.1.4_PUBLIC/Ghidra/Processors/PIC/ghidra_scripts
    /Users/akira/.ghidra/.ghidra_10.1.4_PUBLIC/Extensions/efiSeek/ghidra_scripts
    /usr/local/Caskroom/ghidra/10.1.4-20220519/ghidra_10.1.4_PUBLIC/Ghidra/Features/GnuDemangler/ghidra_scripts
    /usr/local/Caskroom/ghidra/10.1.4-20220519/ghidra_10.1.4_PUBLIC/Ghidra/Features/BytePatterns/ghidra_scripts
    /usr/local/Caskroom/ghidra/10.1.4-20220519/ghidra_10.1.4_PUBLIC/Ghidra/Debug/Debugger-agent-dbgmodel-traceloader/ghidra_scripts
    /usr/local/Caskroom/ghidra/10.1.4-20220519/ghidra_10.1.4_PUBLIC/Ghidra/Features/Python/ghidra_scripts
    /usr/local/Caskroom/ghidra/10.1.4-20220519/ghidra_10.1.4_PUBLIC/Ghidra/Features/Decompiler/ghidra_scripts
    /usr/local/Caskroom/ghidra/10.1.4-20220519/ghidra_10.1.4_PUBLIC/Ghidra/Features/FunctionID/ghidra_scripts
    /usr/local/Caskroom/ghidra/10.1.4-20220519/ghidra_10.1.4_PUBLIC/Ghidra/Features/MicrosoftCodeAnalyzer/ghidra_scripts
    /usr/local/Caskroom/ghidra/10.1.4-20220519/ghidra_10.1.4_PUBLIC/Ghidra/Processors/DATA/ghidra_scripts
    /usr/local/Caskroom/ghidra/10.1.4-20220519/ghidra_10.1.4_PUBLIC/Ghidra/Processors/8051/ghidra_scripts
    /usr/local/Caskroom/ghidra/10.1.4-20220519/ghidra_10.1.4_PUBLIC/Ghidra/Features/VersionTracking/ghidra_scripts  
2022-06-04 14:46:22 INFO  (HeadlessAnalyzer) HEADLESS: execution starts  
2022-06-04 14:46:22 INFO  (HeadlessAnalyzer) Opening existing project: /Users/akira/Dropbox/ghidra/projects/smm_scanner_test  
2022-06-04 14:46:22 INFO  (HeadlessProject) Opening project: /Users/akira/Dropbox/ghidra/projects/smm_scanner_test  
2022-06-04 14:46:26 INFO  (HeadlessAnalyzer) REPORT: Processing project file: /DoubleGetVariable.efi  
2022-06-04 14:46:26 WARN  (OptionalHeaderImpl) Non-standard image base: 0x0  
2022-06-04 14:46:26 WARN  (OptionalHeaderImpl) Unusual file alignment: 0x20  
2022-06-04 14:46:26 INFO  (HeadlessAnalyzer) ANALYZING all memory and code: /DoubleGetVariable.efi  
2022-06-04 14:46:26 INFO  (PdbUniversalAnalyzer) Skipping PDB processing: missing PDB information in program metadata  
2022-06-04 14:46:28 INFO  (PackedDatabaseCache) Packed database cache: /var/folders/9l/x3j4tsgx4mq72c8y1nxyzw9r0000gn/T/akira-Ghidra/packed-db-cache  
2022-06-04 14:46:28 DEBUG (PackedDatabaseCache) Using cached packed database: /usr/local/Caskroom/ghidra/10.1.4-20220519/ghidra_10.1.4_PUBLIC/Ghidra/Features/Base/data/typeinfo/win32/windows_vs12_64.gdt  
2022-06-04 14:46:29 WARN  (WindowsResourceReferenceAnalyzer) Unable to locate script class: WindowsResourceReference java.lang.ClassNotFoundException: WindowsResourceReference
	at org.apache.felix.framework.Felix.loadBundleClass(Felix.java:2075)
	at org.apache.felix.framework.BundleImpl.loadClass(BundleImpl.java:978)
	at ghidra.app.script.JavaScriptProvider.loadClass(JavaScriptProvider.java:127)
	at ghidra.app.script.JavaScriptProvider.getScriptInstance(JavaScriptProvider.java:85)
	at ghidra.app.plugin.prototype.MicrosoftCodeAnalyzerPlugin.WindowsResourceReferenceAnalyzer.runScript(WindowsResourceReferenceAnalyzer.java:97)
	at ghidra.app.plugin.prototype.MicrosoftCodeAnalyzerPlugin.WindowsResourceReferenceAnalyzer.added(WindowsResourceReferenceAnalyzer.java:72)
	at ghidra.app.plugin.core.analysis.AnalysisScheduler.runAnalyzer(AnalysisScheduler.java:186)
	at ghidra.app.plugin.core.analysis.AnalysisTask.applyTo(AnalysisTask.java:39)
	at ghidra.app.plugin.core.analysis.AutoAnalysisManager$AnalysisTaskWrapper.run(AutoAnalysisManager.java:688)
	at ghidra.app.plugin.core.analysis.AutoAnalysisManager.startAnalysis(AutoAnalysisManager.java:788)
	at ghidra.app.plugin.core.analysis.AutoAnalysisManager.startAnalysis(AutoAnalysisManager.java:667)
	at ghidra.app.plugin.core.analysis.AutoAnalysisManager.startAnalysis(AutoAnalysisManager.java:632)
	at ghidra.app.util.headless.HeadlessAnalyzer.analyzeProgram(HeadlessAnalyzer.java:1016)
	at ghidra.app.util.headless.HeadlessAnalyzer.processFileNoImport(HeadlessAnalyzer.java:1146)
	at ghidra.app.util.headless.HeadlessAnalyzer.processFolderNoImport(HeadlessAnalyzer.java:1314)
	at ghidra.app.util.headless.HeadlessAnalyzer.processNoImport(HeadlessAnalyzer.java:1343)
	at ghidra.app.util.headless.HeadlessAnalyzer.processLocal(HeadlessAnalyzer.java:442)
	at ghidra.app.util.headless.AnalyzeHeadless.launch(AnalyzeHeadless.java:121)
	at ghidra.GhidraLauncher.launch(GhidraLauncher.java:59)
	at ghidra.Ghidra.main(Ghidra.java:47)
Caused by: org.osgi.framework.BundleException: Unable to resolve ce3483a5 [1](R 1.0): missing requirement [ce3483a5 [1](R 1.0)] osgi.ee; (osgi.ee=UNKNOWN) Unresolved requirements: [[ce3483a5 [1](R 1.0)] osgi.ee; (osgi.ee=UNKNOWN)]
	at org.apache.felix.framework.Felix.resolveBundleRevision(Felix.java:4368)
	at org.apache.felix.framework.Felix.loadBundleClass(Felix.java:2068)
	... 19 more
 
2022-06-04 14:46:32 DEBUG (PackedDatabaseCache) Using cached packed database: /Users/akira/.ghidra/.ghidra_10.1.4_PUBLIC/Extensions/efiSeek/data/Behemotx64.gdt  
2022-06-04 14:46:32 WARN  (OptionalHeaderImpl) Non-standard image base: 0x0  
2022-06-04 14:46:32 WARN  (OptionalHeaderImpl) Unusual file alignment: 0x20  
2022-06-04 14:46:32 WARN  (OptionalHeaderImpl) Non-standard image base: 0x0  
2022-06-04 14:46:32 WARN  (OptionalHeaderImpl) Unusual file alignment: 0x20  
2022-06-04 14:46:37 INFO  (EfiSeek) GetVariable in FUN_80000240  
2022-06-04 14:46:37 INFO  (EfiSeek) GetVariable in FUN_80000240  
2022-06-04 14:46:37 WARN  (EfiSeek) Potential GetVariable overflow detected at FUN_80000240(80000240) : 80000286 and 800002b3  
2022-06-04 14:46:37 INFO  (EfiSeek) Searching for SMM callouts  
2022-06-04 14:46:37 INFO  (EfiSeek) Annotating GetVariable overflow  
2022-06-04 14:46:37 INFO  (AutoAnalysisManager) -----------------------------------------------------
    ASCII Strings                              0.738 secs
    Apply Data Archives                        1.743 secs
    Call Convention ID                         0.003 secs
    Call-Fixup Installer                       0.003 secs
    Create Address Tables                      0.022 secs
    Create Function                            0.000 secs
    Data Reference                             0.034 secs
    Decompiler Parameter ID                    1.773 secs
    Decompiler Switch Analysis                 0.020 secs
    Demangler Microsoft                        0.018 secs
    Disassemble Entry Points                   0.099 secs
    Embedded Media                             0.016 secs
    External Entry References                  0.000 secs
    Function ID                                0.226 secs
    Function Start Search                      0.007 secs
    Non-Returning Functions - Discovered       0.024 secs
    Non-Returning Functions - Known            0.013 secs
    PDB Universal                              0.004 secs
    Reference                                  0.074 secs
    Scalar Operand References                  0.034 secs
    Shared Return Calls                        0.024 secs
    Stack                                      0.082 secs
    Subroutine References                      0.034 secs
    WindowsResourceReference                   0.116 secs
    efiSeek                                    5.124 secs
    x86 Constant Reference Analyzer            0.548 secs
-----------------------------------------------------
     Total Time   10 secs
-----------------------------------------------------
  
2022-06-04 14:46:37 INFO  (HeadlessAnalyzer) REPORT: Analysis succeeded for file: /DoubleGetVariable.efi  
2022-06-04 14:46:38 INFO  (HeadlessAnalyzer) REPORT: Save succeeded for processed file: /DoubleGetVariable.efi  
